<?xml version="1.0" encoding="UTF-8"?>
<testsuite xmlns:xsi="http://www.w3.org/2001/XMLSchema-instance" xsi:noNamespaceSchemaLocation="https://maven.apache.org/surefire/maven-surefire-plugin/xsd/surefire-test-report.xsd" version="3.0.2" name="com.ProyectoAula.Backend.BackendApplicationTests" time="9.193" tests="1" errors="0" skipped="0" failures="0">
  <properties>
[...]
</properties>
  <testcase name="contextLoads" classname="com.ProyectoAula.Backend.BackendApplicationTests" time="0.376">
    <system-out><![CDATA[14:52:13.865 [main] INFO org.springframework.test.context.support.AnnotationConfigContextLoaderUtils -- Could not detect default configuration classes for test class [com.ProyectoAula.Backend.BackendApplicationTests]: BackendApplicationTests does not declare any static, non-private, non-final, nested classes annotated with @Configuration.
14:52:13.990 [main] INFO org.springframework.boot.test.context.SpringBootTestContextBootstrapper -- Found @SpringBootConfiguration com.ProyectoAula.Backend.BackendApplication for test class com.ProyectoAula.Backend.BackendApplicationTests

  .   ____          _            __ _ _
 /\\ / ___'_ __ _ _(_)_ __  __ _ \ \ \ \
( ( )\___ | '_ | '_| | '_ \/ _` | \ \ \ \
 \\/  ___)| |_)| | | | | || (_| |  ) ) ) )
  '  |____| .__|_| |_|_| |_\__, | / / / /
 =========|_|==============|___/=/_/_/_/

 :: Spring Boot ::                (v3.5.6)

2026-03-12T14:52:14.562-05:00  INFO 31040 --- [           main] c.P.Backend.BackendApplicationTests      : Starting BackendApplicationTests using Java 17.0.12 with PID 31040 (started by nelso in c:\Users\nelso\OneDrive\Escritorio\COP-ProyectoAula-main\Backend)
2026-03-12T14:52:14.564-05:00  INFO 31040 --- [           main] c.P.Backend.BackendApplicationTests      : The following 1 profile is active: "dev"
2026-03-12T14:52:15.468-05:00  INFO 31040 --- [           main] .s.d.r.c.RepositoryConfigurationDelegate : Multiple Spring Data modules found, entering strict repository configuration mode
2026-03-12T14:52:15.471-05:00  INFO 31040 --- [           main] .s.d.r.c.RepositoryConfigurationDelegate : Bootstrapping Spring Data JPA repositories in DEFAULT mode.
2026-03-12T14:52:15.602-05:00  INFO 31040 --- [           main] .s.d.r.c.RepositoryConfigurationDelegate : Finished Spring Data repository scanning in 118 ms. Found 13 JPA repository interfaces.
2026-03-12T14:52:15.645-05:00  INFO 31040 --- [           main] .s.d.r.c.RepositoryConfigurationDelegate : Multiple Spring Data modules found, entering strict repository configuration mode
2026-03-12T14:52:15.645-05:00  INFO 31040 --- [           main] .s.d.r.c.RepositoryConfigurationDelegate : Bootstrapping Spring Data MongoDB repositories in DEFAULT mode.
2026-03-12T14:52:15.655-05:00  INFO 31040 --- [           main] .RepositoryConfigurationExtensionSupport : Spring Data MongoDB - Could not safely identify store assignment for repository candidate interface com.ProyectoAula.Backend.repository.CitaRepository; If you want this repository to be a MongoDB repository, consider annotating your entities with one of these annotations: org.springframework.data.mongodb.core.mapping.Document (preferred), or consider extending one of the following types with your repository: org.springframework.data.mongodb.repository.MongoRepository
2026-03-12T14:52:15.655-05:00  INFO 31040 --- [           main] .RepositoryConfigurationExtensionSupport : Spring Data MongoDB - Could not safely identify store assignment for repository candidate interface com.ProyectoAula.Backend.repository.ConfirmationTokenRepository; If you want this repository to be a MongoDB repository, consider annotating your entities with one of these annotations: org.springframework.data.mongodb.core.mapping.Document (preferred), or consider extending one of the following types with your repository: org.springframework.data.mongodb.repository.MongoRepository
2026-03-12T14:52:15.655-05:00  INFO 31040 --- [           main] .RepositoryConfigurationExtensionSupport : Spring Data MongoDB - Could not safely identify store assignment for repository candidate interface com.ProyectoAula.Backend.repository.ConsultaIARepository; If you want this repository to be a MongoDB repository, consider annotating your entities with one of these annotations: org.springframework.data.mongodb.core.mapping.Document (preferred), or consider extending one of the following types with your repository: org.springframework.data.mongodb.repository.MongoRepository
2026-03-12T14:52:15.656-05:00  INFO 31040 --- [           main] .RepositoryConfigurationExtensionSupport : Spring Data MongoDB - Could not safely identify store assignment for repository candidate interface com.ProyectoAula.Backend.repository.ContactoRepository; If you want this repository to be a MongoDB repository, consider annotating your entities with one of these annotations: org.springframework.data.mongodb.core.mapping.Document (preferred), or consider extending one of the following types with your repository: org.springframework.data.mongodb.repository.MongoRepository
2026-03-12T14:52:15.656-05:00  INFO 31040 --- [           main] .RepositoryConfigurationExtensionSupport : Spring Data MongoDB - Could not safely identify store assignment for repository candidate interface com.ProyectoAula.Backend.repository.DetalleOdontogramaRepository; If you want this repository to be a MongoDB repository, consider annotating your entities with one of these annotations: org.springframework.data.mongodb.core.mapping.Document (preferred), or consider extending one of the following types with your repository: org.springframework.data.mongodb.repository.MongoRepository
2026-03-12T14:52:15.656-05:00  INFO 31040 --- [           main] .RepositoryConfigurationExtensionSupport : Spring Data MongoDB - Could not safely identify store assignment for repository candidate interface com.ProyectoAula.Backend.repository.DienteRepository; If you want this repository to be a MongoDB repository, consider annotating your entities with one of these annotations: org.springframework.data.mongodb.core.mapping.Document (preferred), or consider extending one of the following types with your repository: org.springframework.data.mongodb.repository.MongoRepository
2026-03-12T14:52:15.656-05:00  INFO 31040 --- [           main] .RepositoryConfigurationExtensionSupport : Spring Data MongoDB - Could not safely identify store assignment for repository candidate interface com.ProyectoAula.Backend.repository.EvaluacionPsicologicaRepository; If you want this repository to be a MongoDB repository, consider annotating your entities with one of these annotations: org.springframework.data.mongodb.core.mapping.Document (preferred), or consider extending one of the following types with your repository: org.springframework.data.mongodb.repository.MongoRepository
2026-03-12T14:52:15.656-05:00  INFO 31040 --- [           main] .RepositoryConfigurationExtensionSupport : Spring Data MongoDB - Could not safely identify store assignment for repository candidate interface com.ProyectoAula.Backend.repository.OdontogramaRepository; If you want this repository to be a MongoDB repository, consider annotating your entities with one of these annotations: org.springframework.data.mongodb.core.mapping.Document (preferred), or consider extending one of the following types with your repository: org.springframework.data.mongodb.repository.MongoRepository
2026-03-12T14:52:15.658-05:00  INFO 31040 --- [           main] .RepositoryConfigurationExtensionSupport : Spring Data MongoDB - Could not safely identify store assignment for repository candidate interface com.ProyectoAula.Backend.repository.PersonaRepository; If you want this repository to be a MongoDB repository, consider annotating your entities with one of these annotations: org.springframework.data.mongodb.core.mapping.Document (preferred), or consider extending one of the following types with your repository: org.springframework.data.mongodb.repository.MongoRepository
2026-03-12T14:52:15.658-05:00  INFO 31040 --- [           main] .RepositoryConfigurationExtensionSupport : Spring Data MongoDB - Could not safely identify store assignment for repository candidate interface com.ProyectoAula.Backend.repository.RegistroCobroRepository; If you want this repository to be a MongoDB repository, consider annotating your entities with one of these annotations: org.springframework.data.mongodb.core.mapping.Document (preferred), or consider extending one of the following types with your repository: org.springframework.data.mongodb.repository.MongoRepository
2026-03-12T14:52:15.658-05:00  INFO 31040 --- [           main] .RepositoryConfigurationExtensionSupport : Spring Data MongoDB - Could not safely identify store assignment for repository candidate interface com.ProyectoAula.Backend.repository.ServicioRepository; If you want this repository to be a MongoDB repository, consider annotating your entities with one of these annotations: org.springframework.data.mongodb.core.mapping.Document (preferred), or consider extending one of the following types with your repository: org.springframework.data.mongodb.repository.MongoRepository
2026-03-12T14:52:15.658-05:00  INFO 31040 --- [           main] .RepositoryConfigurationExtensionSupport : Spring Data MongoDB - Could not safely identify store assignment for repository candidate interface com.ProyectoAula.Backend.repository.TestimonioRepository; If you want this repository to be a MongoDB repository, consider annotating your entities with one of these annotations: org.springframework.data.mongodb.core.mapping.Document (preferred), or consider extending one of the following types with your repository: org.springframework.data.mongodb.repository.MongoRepository
2026-03-12T14:52:15.658-05:00  INFO 31040 --- [           main] .RepositoryConfigurationExtensionSupport : Spring Data MongoDB - Could not safely identify store assignment for repository candidate interface com.ProyectoAula.Backend.repository.TipoServicioRepository; If you want this repository to be a MongoDB repository, consider annotating your entities with one of these annotations: org.springframework.data.mongodb.core.mapping.Document (preferred), or consider extending one of the following types with your repository: org.springframework.data.mongodb.repository.MongoRepository
2026-03-12T14:52:15.658-05:00  INFO 31040 --- [           main] .s.d.r.c.RepositoryConfigurationDelegate : Finished Spring Data repository scanning in 11 ms. Found 0 MongoDB repository interfaces.
2026-03-12T14:52:16.411-05:00  INFO 31040 --- [           main] o.hibernate.jpa.internal.util.LogHelper  : HHH000204: Processing PersistenceUnitInfo [name: default]
2026-03-12T14:52:16.508-05:00  INFO 31040 --- [           main] org.hibernate.Version                    : HHH000412: Hibernate ORM core version 6.6.29.Final
2026-03-12T14:52:16.574-05:00  INFO 31040 --- [           main] o.h.c.internal.RegionFactoryInitiator    : HHH000026: Second-level cache disabled
2026-03-12T14:52:17.090-05:00  INFO 31040 --- [           main] o.s.o.j.p.SpringPersistenceUnitInfo      : No LoadTimeWeaver setup: ignoring JPA class transformer
2026-03-12T14:52:17.143-05:00  INFO 31040 --- [           main] com.zaxxer.hikari.HikariDataSource       : HikariPool-1 - Starting...
2026-03-12T14:52:17.412-05:00  INFO 31040 --- [           main] com.zaxxer.hikari.pool.HikariPool        : HikariPool-1 - Added connection conn0: url=jdbc:h2:mem:copdb user=SA
2026-03-12T14:52:17.413-05:00  INFO 31040 --- [           main] com.zaxxer.hikari.HikariDataSource       : HikariPool-1 - Start completed.
2026-03-12T14:52:17.447-05:00  WARN 31040 --- [           main] org.hibernate.orm.deprecation            : HHH90000025: H2Dialect does not need to be specified explicitly using 'hibernate.dialect' (remove the property setting and it will be selected by default)
2026-03-12T14:52:17.475-05:00  INFO 31040 --- [           main] org.hibernate.orm.connections.pooling    : HHH10001005: Database info:
	Database JDBC URL [Connecting through datasource 'HikariDataSource (HikariPool-1)']
	Database driver: undefined/unknown
	Database version: 2.3.232
	Autocommit mode: undefined/unknown
	Isolation level: undefined/unknown
	Minimum pool size: undefined/unknown
	Maximum pool size: undefined/unknown
2026-03-12T14:52:18.591-05:00  INFO 31040 --- [           main] o.h.e.t.j.p.i.JtaPlatformInitiator       : HHH000489: No JTA platform available (set 'hibernate.transaction.jta.platform' to enable JTA platform integration)
Hibernate: 
    create table citas (
        id_cita bigint generated by default as identity,
        confirmado boolean,
        direccion varchar(255),
        estado varchar(255),
        fecha date not null,
        hora time(6) not null,
        id_medico bigint,
        id_p bigint not null,
        id_servicio bigint not null,
        primary key (id_cita)
    )
Hibernate: 
    create table confirmation_token (
        id bigint generated by default as identity,
        expires_at timestamp(6),
        token varchar(255) not null,
        used boolean not null,
        id_cita bigint not null,
        primary key (id)
    )
Hibernate: 
    create table consultas_ia (
        id_consulta bigint generated by default as identity,
        agente varchar(255),
        cliente_username varchar(255),
        estado varchar(255),
        fecha_hora timestamp(6),
        pregunta varchar(4000),
        respuesta varchar(4000),
        tokens_aproximados integer,
        primary key (id_consulta)
    )
Hibernate: 
    create table contacto (
        id_contacto bigint generated by default as identity,
        asunto varchar(255) not null,
        email varchar(255) not null,
        fecha_envio timestamp(6),
        mensaje TEXT not null,
        nombre varchar(255) not null,
        primary key (id_contacto)
    )
Hibernate: 
    create table detalle_odontograma (
        id_detalle bigint generated by default as identity,
        estado varchar(255) not null,
        observacion TEXT,
        id_diente bigint not null,
        id_odontograma bigint not null,
        primary key (id_detalle)
    )
Hibernate: 
    create table dientes (
        id_diente bigint generated by default as identity,
        codigofdi varchar(255) not null,
        nombre varchar(255) not null,
        primary key (id_diente)
    )
Hibernate: 
    create table evaluacion_psicologica (
        id_evaluacion bigint generated by default as identity,
        fecha date,
        notas varchar(1000),
        puntaje integer,
        respuestas_json varchar(4000),
        tipo varchar(255),
        id_paciente bigint not null,
        primary key (id_evaluacion)
    )
Hibernate: 
    create table medico_servicio (
        id_persona bigint not null,
        id_servicio bigint not null
    )
Hibernate: 
    create table odontogramas (
        id_odontograma bigint generated by default as identity,
        fecha_registro date not null,
        observaciones_generales TEXT,
        id_p bigint not null,
        primary key (id_odontograma)
    )
Hibernate: 
    create table personas (
        id_p bigint generated by default as identity,
        certificado varchar(255),
        dias_disponibles varchar(255),
        direccion varchar(255),
        doc_iden varchar(255),
        email varchar(255),
        hora_fin_disponibilidad time(6),
        hora_inicio_disponibilidad time(6),
        nombre_completo varchar(255),
        password_hash varchar(255),
        rol enum ('CLIENTE','MEDICO','PACIENTE'),
        telefono varchar(255),
        username varchar(255),
        primary key (id_p)
    )
Hibernate: 
    create table registros_cobro (
        id_registro bigint generated by default as identity,
        cliente_username varchar(255),
        estado_pago varchar(255),
        fecha_hora timestamp(6),
        monto numeric(38,2),
        tipo_servicio varchar(255),
        primary key (id_registro)
    )
Hibernate: 
    create table servicios (
        id_servicio bigint generated by default as identity,
        tipo_servicio varchar(255),
        id_tipo_servicio bigint not null,
        primary key (id_servicio)
    )
Hibernate: 
    create table testimonios (
        id bigint generated by default as identity,
        calificacion integer not null,
        comentario varchar(1000) not null,
        fecha_creacion timestamp(6) not null,
        nombre varchar(255) not null,
        id_servicio bigint,
        primary key (id)
    )
Hibernate: 
    create table tipo_servicio (
        id_tipo_servicio bigint generated by default as identity,
        nombre varchar(255),
        primary key (id_tipo_servicio)
    )
Hibernate: 
    alter table if exists confirmation_token 
       drop constraint if exists UK54wolcn5ryqshiq8gq0epvr3v
Hibernate: 
    alter table if exists confirmation_token 
       add constraint UK54wolcn5ryqshiq8gq0epvr3v unique (token)
Hibernate: 
    alter table if exists dientes 
       drop constraint if exists UKnnf7d6dtc1a3h5298oaajsrnc
Hibernate: 
    alter table if exists dientes 
       add constraint UKnnf7d6dtc1a3h5298oaajsrnc unique (codigofdi)
Hibernate: 
    alter table if exists personas 
       drop constraint if exists UKft559modqtty7vhfmwhdyah4j
Hibernate: 
    alter table if exists personas 
       add constraint UKft559modqtty7vhfmwhdyah4j unique (doc_iden)
Hibernate: 
    alter table if exists citas 
       add constraint FKqmo85a59ii6vxb4itn9g1thhk 
       foreign key (id_medico) 
       references personas
Hibernate: 
    alter table if exists citas 
       add constraint FK2dcvvpssopc19gixb62o9hyk8 
       foreign key (id_p) 
       references personas
Hibernate: 
    alter table if exists citas 
       add constraint FKki9gpfg4aaytghofi4n3h69qu 
       foreign key (id_servicio) 
       references servicios
Hibernate: 
    alter table if exists confirmation_token 
       add constraint FKlr1uxkmpbc6d0py04wcg7fk12 
       foreign key (id_cita) 
       references citas
Hibernate: 
    alter table if exists detalle_odontograma 
       add constraint FKej72xpna6d7gag8o0tdal850f 
       foreign key (id_diente) 
       references dientes
Hibernate: 
    alter table if exists detalle_odontograma 
       add constraint FK1aj9oje0qw67j8npnhxus2qlg 
       foreign key (id_odontograma) 
       references odontogramas
Hibernate: 
    alter table if exists evaluacion_psicologica 
       add constraint FK54d03714ile26kc91cureidn5 
       foreign key (id_paciente) 
       references personas
Hibernate: 
    alter table if exists medico_servicio 
       add constraint FKp49so64sh77vmtjo4ecmaqks5 
       foreign key (id_servicio) 
       references servicios
Hibernate: 
    alter table if exists medico_servicio 
       add constraint FKo7tgvw99mpitx39pxcfkij3w2 
       foreign key (id_persona) 
       references personas
Hibernate: 
    alter table if exists odontogramas 
       add constraint FKkxn9qriliy4qqfpgg5fo8lqor 
       foreign key (id_p) 
       references personas
Hibernate: 
    alter table if exists servicios 
       add constraint FKnds4phqx0tqcgm6mn726tiawe 
       foreign key (id_tipo_servicio) 
       references tipo_servicio
Hibernate: 
    alter table if exists testimonios 
       add constraint FKcfn9lc97ch5vool6inx6es8fl 
       foreign key (id_servicio) 
       references servicios
2026-03-12T14:52:18.690-05:00  INFO 31040 --- [           main] j.LocalContainerEntityManagerFactoryBean : Initialized JPA EntityManagerFactory for persistence unit 'default'
2026-03-12T14:52:19.774-05:00  INFO 31040 --- [           main] o.s.d.j.r.query.QueryEnhancerFactory     : Hibernate is in classpath; If applicable, HQL parser will be used.
2026-03-12T14:52:20.397-05:00  WARN 31040 --- [           main] JpaBaseConfiguration$JpaWebConfiguration : spring.jpa.open-in-view is enabled by default. Therefore, database queries may be performed during view rendering. Explicitly configure spring.jpa.open-in-view to disable this warning
2026-03-12T14:52:20.450-05:00  INFO 31040 --- [           main] r$InitializeUserDetailsManagerConfigurer : Global AuthenticationManager configured with UserDetailsService bean with name users
2026-03-12T14:52:21.461-05:00  INFO 31040 --- [           main] org.mongodb.driver.client                : MongoClient with metadata {"driver": {"name": "mongo-java-driver|sync|spring-boot", "version": "5.5.1"}, "os": {"type": "Windows", "name": "Windows 11", "architecture": "amd64", "version": "10.0"}, "platform": "Java/Oracle Corporation/17.0.12+8-LTS-286"} created with settings MongoClientSettings{readPreference=primary, writeConcern=WriteConcern{w=null, wTimeout=null ms, journal=null}, retryWrites=true, retryReads=true, readConcern=ReadConcern{level=null}, credential=null, transportSettings=null, commandListeners=[], codecRegistry=ProvidersCodecRegistry{codecProviders=[ValueCodecProvider{}, BsonValueCodecProvider{}, DBRefCodecProvider{}, DBObjectCodecProvider{}, DocumentCodecProvider{}, CollectionCodecProvider{}, IterableCodecProvider{}, MapCodecProvider{}, GeoJsonCodecProvider{}, GridFSFileCodecProvider{}, Jsr310CodecProvider{}, JsonObjectCodecProvider{}, BsonCodecProvider{}, EnumCodecProvider{}, com.mongodb.client.model.mql.ExpressionCodecProvider@4d2af40, com.mongodb.Jep395RecordCodecProvider@2d68af14, com.mongodb.KotlinCodecProvider@4a24170b]}, loggerSettings=LoggerSettings{maxDocumentLength=1000}, clusterSettings={hosts=[localhost:27017], srvServiceName=mongodb, mode=SINGLE, requiredClusterType=UNKNOWN, requiredReplicaSetName='null', serverSelector='null', clusterListeners='[]', serverSelectionTimeout='30000 ms', localThreshold='15 ms'}, socketSettings=SocketSettings{connectTimeoutMS=10000, readTimeoutMS=0, receiveBufferSize=0, proxySettings=ProxySettings{host=null, port=null, username=null, password=null}}, heartbeatSocketSettings=SocketSettings{connectTimeoutMS=10000, readTimeoutMS=10000, receiveBufferSize=0, proxySettings=ProxySettings{host=null, port=null, username=null, password=null}}, connectionPoolSettings=ConnectionPoolSettings{maxSize=100, minSize=0, maxWaitTimeMS=120000, maxConnectionLifeTimeMS=0, maxConnectionIdleTimeMS=0, maintenanceInitialDelayMS=0, maintenanceFrequencyMS=60000, connectionPoolListeners=[], maxConnecting=2}, serverSettings=ServerSettings{heartbeatFrequencyMS=10000, minHeartbeatFrequencyMS=500, serverMonitoringMode=AUTO, serverListeners='[]', serverMonitorListeners='[]'}, sslSettings=SslSettings{enabled=false, invalidHostNameAllowed=false, context=null}, applicationName='null', compressorList=[], uuidRepresentation=JAVA_LEGACY, serverApi=null, autoEncryptionSettings=null, dnsClient=null, inetAddressResolver=null, contextProvider=null, timeoutMS=null}
2026-03-12T14:52:21.454-05:00  INFO 31040 --- [localhost:27017] org.mongodb.driver.cluster               : Exception in monitor thread while connecting to server localhost:27017

com.mongodb.MongoSocketOpenException: Exception opening socket
	at com.mongodb.internal.connection.SocketStream.lambda$open$0(SocketStream.java:85) ~[mongodb-driver-core-5.5.1.jar:na]
	at java.base/java.util.Optional.orElseThrow(Optional.java:403) ~[na:na]
	at com.mongodb.internal.connection.SocketStream.open(SocketStream.java:85) ~[mongodb-driver-core-5.5.1.jar:na]
	at com.mongodb.internal.connection.InternalStreamConnection.open(InternalStreamConnection.java:233) ~[mongodb-driver-core-5.5.1.jar:na]
	at com.mongodb.internal.connection.DefaultServerMonitor$ServerMonitor.lookupServerDescription(DefaultServerMonitor.java:219) ~[mongodb-driver-core-5.5.1.jar:na]
	at com.mongodb.internal.connection.DefaultServerMonitor$ServerMonitor.run(DefaultServerMonitor.java:176) ~[mongodb-driver-core-5.5.1.jar:na]
Caused by: java.net.ConnectException: Connection refused: no further information
	at java.base/sun.nio.ch.Net.pollConnect(Native Method) ~[na:na]
	at java.base/sun.nio.ch.Net.pollConnectNow(Net.java:672) ~[na:na]
	at java.base/sun.nio.ch.NioSocketImpl.timedFinishConnect(NioSocketImpl.java:547) ~[na:na]
	at java.base/sun.nio.ch.NioSocketImpl.connect(NioSocketImpl.java:602) ~[na:na]
	at java.base/java.net.SocksSocketImpl.connect(SocksSocketImpl.java:327) ~[na:na]
	at java.base/java.net.Socket.connect(Socket.java:633) ~[na:na]
	at com.mongodb.internal.connection.SocketStreamHelper.initialize(SocketStreamHelper.java:76) ~[mongodb-driver-core-5.5.1.jar:na]
	at com.mongodb.internal.connection.SocketStream.initializeSocket(SocketStream.java:104) ~[mongodb-driver-core-5.5.1.jar:na]
	at com.mongodb.internal.connection.SocketStream.open(SocketStream.java:79) ~[mongodb-driver-core-5.5.1.jar:na]
	... 3 common frames omitted

2026-03-12T14:52:21.728-05:00  INFO 31040 --- [           main] o.s.b.a.h2.H2ConsoleAutoConfiguration    : H2 console available at '/h2-console'. Database available at 'jdbc:h2:mem:copdb'
2026-03-12T14:52:21.876-05:00  INFO 31040 --- [           main] c.P.Backend.BackendApplicationTests      : Started BackendApplicationTests in 7.667 seconds (process running for 8.794)
Hibernate: 
    select
        count(*) 
    from
        dientes d1_0
Hibernate: 
    insert 
    into
        dientes
        (codigofdi, nombre, id_diente) 
    values
        (?, ?, default)
Hibernate: 
    insert 
    into
        dientes
        (codigofdi, nombre, id_diente) 
    values
        (?, ?, default)
Hibernate: 
    insert 
    into
        dientes
        (codigofdi, nombre, id_diente) 
    values
        (?, ?, default)
Hibernate: 
    insert 
    into
        dientes
        (codigofdi, nombre, id_diente) 
    values
        (?, ?, default)
Hibernate: 
    insert 
    into
        dientes
        (codigofdi, nombre, id_diente) 
    values
        (?, ?, default)
Hibernate: 
    insert 
    into
        dientes
        (codigofdi, nombre, id_diente) 
    values
        (?, ?, default)
Hibernate: 
    insert 
    into
        dientes
        (codigofdi, nombre, id_diente) 
    values
        (?, ?, default)
Hibernate: 
    insert 
    into
        dientes
        (codigofdi, nombre, id_diente) 
    values
        (?, ?, default)
Hibernate: 
    insert 
    into
        dientes
        (codigofdi, nombre, id_diente) 
    values
        (?, ?, default)
Hibernate: 
    insert 
    into
        dientes
        (codigofdi, nombre, id_diente) 
    values
        (?, ?, default)
Hibernate: 
    insert 
    into
        dientes
        (codigofdi, nombre, id_diente) 
    values
        (?, ?, default)
Hibernate: 
    insert 
    into
        dientes
        (codigofdi, nombre, id_diente) 
    values
        (?, ?, default)
Hibernate: 
    insert 
    into
        dientes
        (codigofdi, nombre, id_diente) 
    values
        (?, ?, default)
Hibernate: 
    insert 
    into
        dientes
        (codigofdi, nombre, id_diente) 
    values
        (?, ?, default)
Hibernate: 
    insert 
    into
        dientes
        (codigofdi, nombre, id_diente) 
    values
        (?, ?, default)
Hibernate: 
    insert 
    into
        dientes
        (codigofdi, nombre, id_diente) 
    values
        (?, ?, default)
Hibernate: 
    insert 
    into
        dientes
        (codigofdi, nombre, id_diente) 
    values
        (?, ?, default)
Hibernate: 
    insert 
    into
        dientes
        (codigofdi, nombre, id_diente) 
    values
        (?, ?, default)
Hibernate: 
    insert 
    into
        dientes
        (codigofdi, nombre, id_diente) 
    values
        (?, ?, default)
Hibernate: 
    insert 
    into
        dientes
        (codigofdi, nombre, id_diente) 
    values
        (?, ?, default)
Hibernate: 
    insert 
    into
        dientes
        (codigofdi, nombre, id_diente) 
    values
        (?, ?, default)
Hibernate: 
    insert 
    into
        dientes
        (codigofdi, nombre, id_diente) 
    values
        (?, ?, default)
Hibernate: 
    insert 
    into
        dientes
        (codigofdi, nombre, id_diente) 
    values
        (?, ?, default)
Hibernate: 
    insert 
    into
        dientes
        (codigofdi, nombre, id_diente) 
    values
        (?, ?, default)
Hibernate: 
    insert 
    into
        dientes
        (codigofdi, nombre, id_diente) 
    values
        (?, ?, default)
Hibernate: 
    insert 
    into
        dientes
        (codigofdi, nombre, id_diente) 
    values
        (?, ?, default)
Hibernate: 
    insert 
    into
        dientes
        (codigofdi, nombre, id_diente) 
    values
        (?, ?, default)
Hibernate: 
    insert 
    into
        dientes
        (codigofdi, nombre, id_diente) 
    values
        (?, ?, default)
Hibernate: 
    insert 
    into
        dientes
        (codigofdi, nombre, id_diente) 
    values
        (?, ?, default)
Hibernate: 
    insert 
    into
        dientes
        (codigofdi, nombre, id_diente) 
    values
        (?, ?, default)
Hibernate: 
    insert 
    into
        dientes
        (codigofdi, nombre, id_diente) 
    values
        (?, ?, default)
Hibernate: 
    insert 
    into
        dientes
        (codigofdi, nombre, id_diente) 
    values
        (?, ?, default)
✅ Inicializados 32 dientes en la base de datos
Hibernate: 
    select
        p1_0.id_p,
        p1_0.certificado,
        p1_0.dias_disponibles,
        p1_0.direccion,
        p1_0.doc_iden,
        p1_0.email,
        p1_0.hora_fin_disponibilidad,
        p1_0.hora_inicio_disponibilidad,
        p1_0.nombre_completo,
        p1_0.password_hash,
        p1_0.rol,
        p1_0.telefono,
        p1_0.username 
    from
        personas p1_0 
    where
        p1_0.rol=?
Hibernate: 
    insert 
    into
        personas
        (certificado, dias_disponibles, direccion, doc_iden, email, hora_fin_disponibilidad, hora_inicio_disponibilidad, nombre_completo, password_hash, rol, telefono, username, id_p) 
    values
        (?, ?, ?, ?, ?, ?, ?, ?, ?, ?, ?, ?, default)
✅ Médico creado: user=juanperez pass=perez123
Hibernate: 
    insert 
    into
        personas
        (certificado, dias_disponibles, direccion, doc_iden, email, hora_fin_disponibilidad, hora_inicio_disponibilidad, nombre_completo, password_hash, rol, telefono, username, id_p) 
    values
        (?, ?, ?, ?, ?, ?, ?, ?, ?, ?, ?, ?, default)
✅ Médica creada: user=analopez pass=lopez123
Hibernate: 
    insert 
    into
        personas
        (certificado, dias_disponibles, direccion, doc_iden, email, hora_fin_disponibilidad, hora_inicio_disponibilidad, nombre_completo, password_hash, rol, telefono, username, id_p) 
    values
        (?, ?, ?, ?, ?, ?, ?, ?, ?, ?, ?, ?, default)
✅ Usuario admin creado: user=admin pass=admin123
Hibernate: 
    select
        ts1_0.id_tipo_servicio,
        ts1_0.nombre 
    from
        tipo_servicio ts1_0 
    where
        ts1_0.nombre=?
Hibernate: 
    insert 
    into
        tipo_servicio
        (nombre, id_tipo_servicio) 
    values
        (?, default)
Hibernate: 
    select
        ts1_0.id_tipo_servicio,
        ts1_0.nombre 
    from
        tipo_servicio ts1_0 
    where
        ts1_0.nombre=?
Hibernate: 
    insert 
    into
        tipo_servicio
        (nombre, id_tipo_servicio) 
    values
        (?, default)
Hibernate: 
    select
        ts1_0.id_tipo_servicio,
        ts1_0.nombre 
    from
        tipo_servicio ts1_0 
    where
        ts1_0.nombre=?
Hibernate: 
    insert 
    into
        tipo_servicio
        (nombre, id_tipo_servicio) 
    values
        (?, default)
Hibernate: 
    select
        ts1_0.id_tipo_servicio,
        ts1_0.nombre 
    from
        tipo_servicio ts1_0 
    where
        ts1_0.nombre=?
Hibernate: 
    insert 
    into
        tipo_servicio
        (nombre, id_tipo_servicio) 
    values
        (?, default)
Hibernate: 
    select
        s1_0.id_servicio,
        s1_0.tipo_servicio,
        s1_0.id_tipo_servicio 
    from
        servicios s1_0 
    where
        s1_0.tipo_servicio=?
Hibernate: 
    insert 
    into
        servicios
        (tipo_servicio, id_tipo_servicio, id_servicio) 
    values
        (?, ?, default)
Hibernate: 
    select
        s1_0.id_servicio,
        s1_0.tipo_servicio,
        s1_0.id_tipo_servicio 
    from
        servicios s1_0 
    where
        s1_0.tipo_servicio=?
Hibernate: 
    insert 
    into
        servicios
        (tipo_servicio, id_tipo_servicio, id_servicio) 
    values
        (?, ?, default)
Hibernate: 
    select
        s1_0.id_servicio,
        s1_0.tipo_servicio,
        s1_0.id_tipo_servicio 
    from
        servicios s1_0 
    where
        s1_0.tipo_servicio=?
Hibernate: 
    insert 
    into
        servicios
        (tipo_servicio, id_tipo_servicio, id_servicio) 
    values
        (?, ?, default)
Hibernate: 
    select
        s1_0.id_servicio,
        s1_0.tipo_servicio,
        s1_0.id_tipo_servicio 
    from
        servicios s1_0 
    where
        s1_0.tipo_servicio=?
Hibernate: 
    insert 
    into
        servicios
        (tipo_servicio, id_tipo_servicio, id_servicio) 
    values
        (?, ?, default)
Hibernate: 
    select
        s1_0.id_servicio,
        s1_0.tipo_servicio,
        s1_0.id_tipo_servicio 
    from
        servicios s1_0 
    where
        s1_0.tipo_servicio=?
Hibernate: 
    insert 
    into
        servicios
        (tipo_servicio, id_tipo_servicio, id_servicio) 
    values
        (?, ?, default)
Hibernate: 
    select
        s1_0.id_servicio,
        s1_0.tipo_servicio,
        s1_0.id_tipo_servicio 
    from
        servicios s1_0 
    where
        s1_0.tipo_servicio=?
Hibernate: 
    insert 
    into
        servicios
        (tipo_servicio, id_tipo_servicio, id_servicio) 
    values
        (?, ?, default)
Hibernate: 
    select
        s1_0.id_servicio,
        s1_0.tipo_servicio,
        s1_0.id_tipo_servicio 
    from
        servicios s1_0 
    where
        s1_0.tipo_servicio=?
Hibernate: 
    insert 
    into
        servicios
        (tipo_servicio, id_tipo_servicio, id_servicio) 
    values
        (?, ?, default)
Hibernate: 
    select
        s1_0.id_servicio,
        s1_0.tipo_servicio,
        s1_0.id_tipo_servicio 
    from
        servicios s1_0 
    where
        s1_0.tipo_servicio=?
Hibernate: 
    insert 
    into
        servicios
        (tipo_servicio, id_tipo_servicio, id_servicio) 
    values
        (?, ?, default)
Hibernate: 
    select
        s1_0.id_servicio,
        s1_0.tipo_servicio,
        s1_0.id_tipo_servicio 
    from
        servicios s1_0 
    where
        s1_0.tipo_servicio=?
Hibernate: 
    insert 
    into
        servicios
        (tipo_servicio, id_tipo_servicio, id_servicio) 
    values
        (?, ?, default)
Hibernate: 
    select
        s1_0.id_servicio,
        s1_0.tipo_servicio,
        s1_0.id_tipo_servicio 
    from
        servicios s1_0 
    where
        s1_0.tipo_servicio=?
Hibernate: 
    insert 
    into
        servicios
        (tipo_servicio, id_tipo_servicio, id_servicio) 
    values
        (?, ?, default)
Hibernate: 
    select
        s1_0.id_servicio,
        s1_0.tipo_servicio,
        s1_0.id_tipo_servicio 
    from
        servicios s1_0 
    where
        s1_0.tipo_servicio=?
Hibernate: 
    insert 
    into
        servicios
        (tipo_servicio, id_tipo_servicio, id_servicio) 
    values
        (?, ?, default)
Hibernate: 
    select
        s1_0.id_servicio,
        s1_0.tipo_servicio,
        s1_0.id_tipo_servicio 
    from
        servicios s1_0 
    where
        s1_0.tipo_servicio=?
Hibernate: 
    insert 
    into
        servicios
        (tipo_servicio, id_tipo_servicio, id_servicio) 
    values
        (?, ?, default)
Hibernate: 
    select
        s1_0.id_servicio,
        s1_0.tipo_servicio,
        s1_0.id_tipo_servicio 
    from
        servicios s1_0 
    where
        s1_0.tipo_servicio=?
Hibernate: 
    insert 
    into
        servicios
        (tipo_servicio, id_tipo_servicio, id_servicio) 
    values
        (?, ?, default)
Hibernate: 
    select
        s1_0.id_servicio,
        s1_0.tipo_servicio,
        s1_0.id_tipo_servicio 
    from
        servicios s1_0 
    where
        s1_0.tipo_servicio=?
Hibernate: 
    insert 
    into
        servicios
        (tipo_servicio, id_tipo_servicio, id_servicio) 
    values
        (?, ?, default)
Hibernate: 
    select
        s1_0.id_servicio,
        s1_0.tipo_servicio,
        s1_0.id_tipo_servicio 
    from
        servicios s1_0 
    where
        s1_0.tipo_servicio=?
Hibernate: 
    insert 
    into
        servicios
        (tipo_servicio, id_tipo_servicio, id_servicio) 
    values
        (?, ?, default)
Hibernate: 
    select
        s1_0.id_servicio,
        s1_0.tipo_servicio,
        s1_0.id_tipo_servicio 
    from
        servicios s1_0 
    where
        s1_0.tipo_servicio=?
Hibernate: 
    insert 
    into
        servicios
        (tipo_servicio, id_tipo_servicio, id_servicio) 
    values
        (?, ?, default)
Hibernate: 
    select
        ts1_0.id_tipo_servicio,
        ts1_0.nombre 
    from
        tipo_servicio ts1_0 
    where
        ts1_0.nombre=?
Hibernate: 
    insert 
    into
        tipo_servicio
        (nombre, id_tipo_servicio) 
    values
        (?, default)
Hibernate: 
    select
        ts1_0.id_tipo_servicio,
        ts1_0.nombre 
    from
        tipo_servicio ts1_0 
    where
        ts1_0.nombre=?
Hibernate: 
    insert 
    into
        tipo_servicio
        (nombre, id_tipo_servicio) 
    values
        (?, default)
Hibernate: 
    select
        ts1_0.id_tipo_servicio,
        ts1_0.nombre 
    from
        tipo_servicio ts1_0 
    where
        ts1_0.nombre=?
Hibernate: 
    insert 
    into
        tipo_servicio
        (nombre, id_tipo_servicio) 
    values
        (?, default)
Hibernate: 
    select
        s1_0.id_servicio,
        s1_0.tipo_servicio,
        s1_0.id_tipo_servicio 
    from
        servicios s1_0 
    where
        s1_0.tipo_servicio=?
Hibernate: 
    insert 
    into
        servicios
        (tipo_servicio, id_tipo_servicio, id_servicio) 
    values
        (?, ?, default)
Hibernate: 
    select
        s1_0.id_servicio,
        s1_0.tipo_servicio,
        s1_0.id_tipo_servicio 
    from
        servicios s1_0 
    where
        s1_0.tipo_servicio=?
Hibernate: 
    insert 
    into
        servicios
        (tipo_servicio, id_tipo_servicio, id_servicio) 
    values
        (?, ?, default)
Hibernate: 
    select
        s1_0.id_servicio,
        s1_0.tipo_servicio,
        s1_0.id_tipo_servicio 
    from
        servicios s1_0 
    where
        s1_0.tipo_servicio=?
Hibernate: 
    insert 
    into
        servicios
        (tipo_servicio, id_tipo_servicio, id_servicio) 
    values
        (?, ?, default)
Hibernate: 
    select
        s1_0.id_servicio,
        s1_0.tipo_servicio,
        s1_0.id_tipo_servicio 
    from
        servicios s1_0 
    where
        s1_0.tipo_servicio=?
Hibernate: 
    insert 
    into
        servicios
        (tipo_servicio, id_tipo_servicio, id_servicio) 
    values
        (?, ?, default)
Hibernate: 
    insert 
    into
        personas
        (certificado, dias_disponibles, direccion, doc_iden, email, hora_fin_disponibilidad, hora_inicio_disponibilidad, nombre_completo, password_hash, rol, telefono, username, id_p) 
    values
        (?, ?, ?, ?, ?, ?, ?, ?, ?, ?, ?, ?, default)
Hibernate: 
    select
        s1_0.id_servicio,
        s1_0.tipo_servicio,
        s1_0.id_tipo_servicio 
    from
        servicios s1_0 
    where
        s1_0.tipo_servicio=?
Hibernate: 
    select
        s1_0.id_servicio,
        s1_0.tipo_servicio,
        s1_0.id_tipo_servicio 
    from
        servicios s1_0 
    where
        s1_0.tipo_servicio=?
Hibernate: 
    select
        s1_0.id_servicio,
        s1_0.tipo_servicio,
        s1_0.id_tipo_servicio 
    from
        servicios s1_0 
    where
        s1_0.tipo_servicio=?
Hibernate: 
    select
        s1_0.id_servicio,
        s1_0.tipo_servicio,
        s1_0.id_tipo_servicio 
    from
        servicios s1_0 
    where
        s1_0.tipo_servicio=?
Hibernate: 
    insert 
    into
        medico_servicio
        (id_persona, id_servicio) 
    values
        (?, ?)
Hibernate: 
    insert 
    into
        medico_servicio
        (id_persona, id_servicio) 
    values
        (?, ?)
Hibernate: 
    insert 
    into
        medico_servicio
        (id_persona, id_servicio) 
    values
        (?, ?)
Hibernate: 
    insert 
    into
        medico_servicio
        (id_persona, id_servicio) 
    values
        (?, ?)
]]></system-out>
  </testcase>
</testsuite>